#
# A fatal error has been detected by the Java Runtime Environment:
#
#  EXCEPTION_ACCESS_VIOLATION (0xc0000005) at pc=0x8c000000, pid=11532, tid=12680
#
# JRE version: 6.0_17-b04
# Java VM: Java HotSpot(TM) Client VM (14.3-b01 mixed mode windows-x86 )
# Problematic frame:
# C  0x8c000000
#
# If you would like to submit a bug report, please visit:
#   http://java.sun.com/webapps/bugreport/crash.jsp
# The crash happened outside the Java Virtual Machine in native code.
# See problematic frame for where to report the bug.
#

---------------  T H R E A D  ---------------

Current thread (0x1fd55800):  JavaThread "AWT-Windows" daemon [_thread_in_native, id=12680, stack(0x0fe20000,0x0fea0000)]

siginfo: ExceptionCode=0xc0000005, reading address 0x8c000000

Registers:
EAX=0x00000002, EBX=0x773644e7, ECX=0x00000000, EDX=0x0fe9d990
ESP=0x0fe9d964, EBP=0x0fe9d9bc, ESI=0x008ae718, EDI=0x00000000
EIP=0x8c000000, EFLAGS=0x00010246

Top of Stack: (sp=0x0fe9d964)
0x0fe9d964:   722a93d8 001a09ea 00000282 0000000b
0x0fe9d974:   00000000 00000002 00000003 3d3c74de
0x0fe9d984:   00000000 008ae718 773644e7 8c000000
0x0fe9d994:   00000002 00000003 0fe9d9d0 0fe9e73c
0x0fe9d9a4:   0fe9d980 0fe9d560 0fe9da48 722fc433
0x0fe9d9b4:   40ff3e9a 00000000 0fe9d9e0 722a938d
0x0fe9d9c4:   00000002 001a09ea 00000282 0000000b
0x0fe9d9d4:   00000000 21e1de80 00000001 0000000b 

Instructions: (pc=0x8c000000)
0x8bfffff0:   
[error occurred during error reporting (printing registers, top of stack, instructions near pc), id 0xc0000005]

Stack: [0x0fe20000,0x0fea0000],  sp=0x0fe9d964,  free space=502k
Native frames: (J=compiled Java code, j=interpreted, Vv=VM code, C=native code)
C  0x8c000000
C  [COMCTL32.dll+0x1938d]

Java frames: (J=compiled Java code, j=interpreted, Vv=VM code)
j  sun.awt.windows.WToolkit.eventLoop()V+0
j  sun.awt.windows.WToolkit.run()V+69
j  java.lang.Thread.run()V+11
v  ~StubRoutines::call_stub

---------------  P R O C E S S  ---------------

Java Threads: ( => current thread )
  0x2181cc00 JavaThread "Thread-507" [_thread_blocked, id=13104, stack(0x24b10000,0x24b90000)]
  0x2181f400 JavaThread "Deploy Tool File system monitoring request queue for fileset.resources" [_thread_blocked, id=12560, stack(0x24fe0000,0x25060000)]
  0x21820400 JavaThread "Deploy Tool File system monitoring request queue for fileset.depfun" [_thread_blocked, id=11188, stack(0x26080000,0x26100000)]
  0x0fd5c000 JavaThread "Deploy Tool File system monitoring request queue for fileset.main" [_thread_blocked, id=12896, stack(0x24a90000,0x24b10000)]
  0x0fd5e000 JavaThread "AWT-EventQueue-0" [_thread_in_vm, id=12128, stack(0x24ca0000,0x24d20000)]
  0x2181e000 JavaThread "Foxtrot Single Worker Thread #1" daemon [_thread_blocked, id=6828, stack(0x20e90000,0x20f10000)]
  0x21820000 JavaThread "Code Analyzer updating thread" [_thread_blocked, id=9652, stack(0x0be00000,0x0be80000)]
  0x21820c00 JavaThread "Swing-Shell" daemon [_thread_blocked, id=8448, stack(0x0bed0000,0x0bf50000)]
  0x2181d400 JavaThread "Code Analyzer updating thread" [_thread_blocked, id=4376, stack(0x0b9b0000,0x0ba30000)]
  0x2181d800 JavaThread "Prefs Updater" daemon [_thread_blocked, id=8096, stack(0x0ba50000,0x0bad0000)]
  0x0fd61c00 JavaThread "Code Analyzer updating thread" [_thread_blocked, id=13296, stack(0x20ab0000,0x20b30000)]
  0x2181c800 JavaThread "Code Analyzer updating thread" [_thread_blocked, id=13388, stack(0x20cb0000,0x20d30000)]
  0x2181c000 JavaThread "Code Analyzer updating thread" [_thread_blocked, id=12292, stack(0x20920000,0x209a0000)]
  0x2181bc00 JavaThread "Code Analyzer updating thread" [_thread_blocked, id=11256, stack(0x20b40000,0x20bc0000)]
  0x2181b400 JavaThread "Code Analyzer updating thread" [_thread_blocked, id=11128, stack(0x206f0000,0x20770000)]
  0x2181b000 JavaThread "Code Analyzer updating thread" [_thread_blocked, id=10300, stack(0x209f0000,0x20a70000)]
  0x2181a800 JavaThread "Code Analyzer updating thread" [_thread_blocked, id=13100, stack(0x208a0000,0x20920000)]
  0x2181a400 JavaThread "Code Analyzer updating thread" [_thread_blocked, id=14280, stack(0x20360000,0x203e0000)]
  0x21819c00 JavaThread "Code Analyzer updating thread" [_thread_blocked, id=13804, stack(0x08c90000,0x08d10000)]
  0x21819800 JavaThread "Code Analyzer updating thread" [_thread_blocked, id=12804, stack(0x20810000,0x20890000)]
  0x21819000 JavaThread "Code Analyzer updating thread" [_thread_blocked, id=13316, stack(0x20780000,0x20800000)]
  0x0fd5a400 JavaThread "Code Analyzer updating thread" [_thread_blocked, id=11884, stack(0x08ec0000,0x08f40000)]
  0x0fd5d400 JavaThread "Active Reference Queue Daemon" daemon [_thread_blocked, id=13280, stack(0x23730000,0x237b0000)]
  0x0fd5d800 JavaThread "Timer-18" daemon [_thread_blocked, id=13064, stack(0x09060000,0x090e0000)]
  0x0fd60c00 JavaThread "Timer-17" daemon [_thread_blocked, id=10520, stack(0x08f70000,0x08ff0000)]
  0x0fd5f800 JavaThread "Explorer NavigationContext request queue" [_thread_blocked, id=14108, stack(0x089a0000,0x08a20000)]
  0x0fd5ec00 JavaThread "AddressBar directory emptiness poller" [_thread_blocked, id=13156, stack(0x08b40000,0x08bc0000)]
  0x0fd5e800 JavaThread "Explorer Refresh Service 31786283" [_thread_blocked, id=13024, stack(0x239e0000,0x23a60000)]
  0x0fd5cc00 JavaThread "TimerQueue" daemon [_thread_blocked, id=12400, stack(0x22a00000,0x22a80000)]
  0x0fd5c800 JavaThread "Thread-5" daemon [_thread_blocked, id=13284, stack(0x22820000,0x228a0000)]
  0x0fd5a800 JavaThread "AWT-Shutdown" [_thread_blocked, id=13692, stack(0x21690000,0x21710000)]
  0x0fd5bc00 JavaThread "FelixPackageAdmin" daemon [_thread_blocked, id=11384, stack(0x21770000,0x217f0000)]
  0x0fd5b400 JavaThread "FelixStartLevel" daemon [_thread_blocked, id=11824, stack(0x0ff50000,0x0ffd0000)]
  0x0fd5b000 JavaThread "FelixDispatchQueue" daemon [_thread_blocked, id=12808, stack(0x204b0000,0x20530000)]
  0x1fea2800 JavaThread "com.google.common.base.internal.Finalizer" daemon [_thread_blocked, id=12076, stack(0x1ea80000,0x1eb00000)]
=>0x1fd55800 JavaThread "AWT-Windows" daemon [_thread_in_native, id=12680, stack(0x0fe20000,0x0fea0000)]
  0x1fc8f000 JavaThread "Java2D Disposer" daemon [_thread_blocked, id=10612, stack(0x0fed0000,0x0ff50000)]
  0x1fbcfc00 JavaThread "Timer-0" [_thread_blocked, id=10568, stack(0x0fda0000,0x0fe20000)]
  0x1fadf400 JavaThread "EventMgr Dispatcher" daemon [_thread_in_native, id=12296, stack(0x06660000,0x06e60000)]
  0x09412400 JavaThread "Low Memory Detector" daemon [_thread_blocked, id=10976, stack(0x09e60000,0x09ee0000)]
  0x09411400 JavaThread "CompilerThread0" daemon [_thread_blocked, id=7352, stack(0x1e270000,0x1ea70000)]
  0x0940ec00 JavaThread "Attach Listener" daemon [_thread_blocked, id=10744, stack(0x09dd0000,0x09e50000)]
  0x093fc800 JavaThread "Finalizer" daemon [_thread_blocked, id=11912, stack(0x0f2a0000,0x0f320000)]
  0x093fb400 JavaThread "Reference Handler" daemon [_thread_blocked, id=11292, stack(0x0b060000,0x0b0e0000)]
  0x06f7ec00 JavaThread "main" [_thread_in_native, id=10724, stack(0x00050000,0x00850000)]

Other Threads:
  0x093f8800 VMThread [stack: 0x0f390000,0x0fb90000] [id=9640]
  0x0944b000 WatcherThread [stack: 0x1ec60000,0x1f460000] [id=11616]

VM state:not at safepoint (normal execution)

VM Mutex/Monitor currently owned by a thread: None

Heap
 def new generation   total 29952K, used 13437K [0x10010000, 0x12090000, 0x12090000)
  eden space 26624K,  42% used [0x10010000, 0x10b191c0, 0x11a10000)
  from space 3328K,  64% used [0x11d50000, 0x11f66268, 0x12090000)
  to   space 3328K,   0% used [0x11a10000, 0x11a10000, 0x11d50000)
 tenured generation   total 99840K, used 79045K [0x12090000, 0x18210000, 0x18210000)
   the space 99840K,  79% used [0x12090000, 0x16dc1498, 0x16dc1600, 0x18210000)
 compacting perm gen  total 48896K, used 48650K [0x18210000, 0x1b1d0000, 0x1e210000)
   the space 48896K,  99% used [0x18210000, 0x1b1929c0, 0x1b192a00, 0x1b1d0000)
No shared spaces configured.

Dynamic libraries:
0x009d0000 - 0x009f7000 	D:\MATLAB\R2012b\bin\win32\MATLAB.exe
0x771d0000 - 0x7730c000 	C:\Windows\SYSTEM32\ntdll.dll
0x77320000 - 0x773f4000 	C:\Windows\system32\kernel32.dll
0x75410000 - 0x7545a000 	C:\Windows\system32\KERNELBASE.dll
0x7ef10000 - 0x7ef9c000 	D:\MATLAB\R2012b\bin\win32\libut.dll
0x7dce0000 - 0x7dd5a000 	D:\MATLAB\R2012b\bin\win32\libmwi18n.dll
0x10000000 - 0x10009000 	D:\MATLAB\R2012b\bin\win32\libmwresource_core.dll
0x00a70000 - 0x00afe000 	C:\Windows\WinSxS\x86_microsoft.vc90.crt_1fc8b3b9a1e18e3b_9.0.30729.6161_none_50934f2ebcb7eb57\MSVCP90.dll
0x00b00000 - 0x00ba3000 	C:\Windows\WinSxS\x86_microsoft.vc90.crt_1fc8b3b9a1e18e3b_9.0.30729.6161_none_50934f2ebcb7eb57\MSVCR90.dll
0x736b0000 - 0x736d3000 	D:\MATLAB\R2012b\bin\win32\boost_filesystem-vc90-mt-1_44.dll
0x73f70000 - 0x73f77000 	D:\MATLAB\R2012b\bin\win32\boost_system-vc90-mt-1_44.dll
0x76d10000 - 0x76db0000 	C:\Windows\system32\ADVAPI32.dll
0x75960000 - 0x75a0c000 	C:\Windows\system32\msvcrt.dll
0x771b0000 - 0x771c9000 	C:\Windows\SYSTEM32\sechost.dll
0x76bd0000 - 0x76c71000 	C:\Windows\system32\RPCRT4.dll
0x73550000 - 0x7356f000 	D:\MATLAB\R2012b\bin\win32\LIBEXPAT.dll
0x72eb0000 - 0x73035000 	D:\MATLAB\R2012b\bin\win32\icuin44.dll
0x7ea10000 - 0x7eb2f000 	D:\MATLAB\R2012b\bin\win32\icuuc44.dll
0x00bb0000 - 0x019f1000 	D:\MATLAB\R2012b\bin\win32\icudt44.dll
0x01a00000 - 0x01b20000 	D:\MATLAB\R2012b\bin\win32\libmwfl.dll
0x01b30000 - 0x01e38000 	D:\MATLAB\R2012b\bin\win32\libmwMATLAB_res.dll
0x73d00000 - 0x73d0e000 	D:\MATLAB\R2012b\bin\win32\boost_date_time-vc90-mt-1_44.dll
0x73c80000 - 0x73c8f000 	D:\MATLAB\R2012b\bin\win32\boost_signals-vc90-mt-1_44.dll
0x73d10000 - 0x73d1e000 	D:\MATLAB\R2012b\bin\win32\boost_thread-vc90-mt-1_44.dll
0x01e80000 - 0x01f0c000 	D:\MATLAB\R2012b\bin\win32\boost_log-vc90-mt-1_44.dll
0x75800000 - 0x75805000 	C:\Windows\system32\PSAPI.DLL
0x76ee0000 - 0x76f15000 	C:\Windows\system32\WS2_32.dll
0x75a10000 - 0x75a16000 	C:\Windows\system32\NSI.dll
0x01f20000 - 0x01f53000 	D:\MATLAB\R2012b\bin\win32\tbb.dll
0x76670000 - 0x7669a000 	C:\Windows\system32\imagehlp.dll
0x73db0000 - 0x73dbf000 	D:\MATLAB\R2012b\bin\win32\icuio44.dll
0x01f80000 - 0x0206b000 	C:\Windows\system32\dbghelp.dll
0x76db0000 - 0x76e79000 	C:\Windows\system32\USER32.dll
0x76860000 - 0x768ae000 	C:\Windows\system32\GDI32.dll
0x75950000 - 0x7595a000 	C:\Windows\system32\LPK.dll
0x76f20000 - 0x76fbd000 	C:\Windows\system32\USP10.dll
0x02070000 - 0x02290000 	D:\MATLAB\R2012b\bin\win32\libmwservices.dll
0x7db50000 - 0x7dbe7000 	D:\MATLAB\R2012b\bin\win32\libmx.dll
0x022b0000 - 0x022cd000 	D:\MATLAB\R2012b\bin\win32\tbbmalloc.dll
0x73730000 - 0x73744000 	D:\MATLAB\R2012b\bin\win32\zlib1.dll
0x022f0000 - 0x02325000 	D:\MATLAB\R2012b\bin\win32\libmwregexp.dll
0x02340000 - 0x0235a000 	D:\MATLAB\R2012b\bin\win32\libmwmfl_scalar.dll
0x7df40000 - 0x7df79000 	D:\MATLAB\R2012b\bin\win32\mpath.dll
0x72990000 - 0x72da0000 	D:\MATLAB\R2012b\bin\win32\mlutil.dll
0x7d670000 - 0x7d6ce000 	D:\MATLAB\R2012b\bin\win32\xmlcore.dll
0x71cf0000 - 0x71ea2000 	D:\MATLAB\R2012b\bin\win32\xerces-c_2_7.dll
0x023b0000 - 0x023cb000 	D:\MATLAB\R2012b\bin\win32\libmwMATLAB_settings_res.dll
0x023e0000 - 0x023ed000 	D:\MATLAB\R2012b\bin\win32\boost_iostreams-vc90-mt-1_44.dll
0x02400000 - 0x02439000 	D:\MATLAB\R2012b\bin\win32\boost_serialization-vc90-mt-1_44.dll
0x75a20000 - 0x76669000 	C:\Windows\system32\SHELL32.dll
0x76780000 - 0x767d7000 	C:\Windows\system32\SHLWAPI.dll
0x72290000 - 0x72314000 	C:\Windows\WinSxS\x86_microsoft.windows.common-controls_6595b64144ccf1df_5.82.7600.16661_none_ebfb56996c72aefc\COMCTL32.dll
0x767e0000 - 0x7685b000 	C:\Windows\system32\COMDLG32.dll
0x739e0000 - 0x739f1000 	C:\Windows\system32\NETAPI32.dll
0x739d0000 - 0x739d9000 	C:\Windows\system32\netutils.dll
0x750d0000 - 0x750e9000 	C:\Windows\system32\srvcli.dll
0x739c0000 - 0x739cf000 	C:\Windows\system32\wkscli.dll
0x76a70000 - 0x76bcc000 	C:\Windows\system32\ole32.dll
0x76c80000 - 0x76d0f000 	C:\Windows\system32\OLEAUT32.dll
0x7f270000 - 0x7f2f7000 	D:\MATLAB\R2012b\bin\win32\mcr.dll
0x02460000 - 0x02760000 	D:\MATLAB\R2012b\bin\win32\iqm.dll
0x7f630000 - 0x7f6af000 	D:\MATLAB\R2012b\bin\win32\m_dispatcher.dll
0x7f130000 - 0x7f1ec000 	D:\MATLAB\R2012b\bin\win32\boost_regex-vc90-mt-1_44.dll
0x02790000 - 0x02cd1000 	D:\MATLAB\R2012b\bin\win32\m_interpreter.dll
0x73530000 - 0x7354c000 	D:\MATLAB\R2012b\bin\win32\libmex.dll
0x02d00000 - 0x02d5c000 	D:\MATLAB\R2012b\bin\win32\profiler.dll
0x02d70000 - 0x02f9c000 	D:\MATLAB\R2012b\bin\win32\libmwmathutil.dll
0x734f0000 - 0x73513000 	D:\MATLAB\R2012b\bin\win32\libmwmathrng.dll
0x02fc0000 - 0x02fcf000 	D:\MATLAB\R2012b\bin\win32\libmwmfl_rng.dll
0x7c390000 - 0x7c428000 	D:\MATLAB\R2012b\bin\win32\libmwmathcore.dll
0x7e000000 - 0x7e04b000 	D:\MATLAB\R2012b\bin\win32\libmwspmatrix.dll
0x7dbf0000 - 0x7dc3b000 	D:\MATLAB\R2012b\bin\win32\libmwcholmod.dll
0x73e70000 - 0x73e7a000 	D:\MATLAB\R2012b\bin\win32\libmwamd.dll
0x73e80000 - 0x73e8a000 	D:\MATLAB\R2012b\bin\win32\libmwcolamd.dll
0x73dd0000 - 0x73de1000 	D:\MATLAB\R2012b\bin\win32\libmwblas.dll
0x73d30000 - 0x73d3d000 	D:\MATLAB\R2012b\bin\win32\libmwbinder.dll
0x73ea0000 - 0x73eaa000 	D:\MATLAB\R2012b\bin\win32\libmwompwrapper.dll
0x03060000 - 0x03099000 	D:\MATLAB\R2012b\bin\win32\libmwlapack.dll
0x030b0000 - 0x030c5000 	D:\MATLAB\R2012b\bin\win32\m_pcodeio.dll
0x7e080000 - 0x7e0ca000 	D:\MATLAB\R2012b\bin\win32\m_ir.dll
0x030f0000 - 0x03640000 	D:\MATLAB\R2012b\bin\win32\m_parser.dll
0x03650000 - 0x03662000 	D:\MATLAB\R2012b\bin\win32\ir_xfmr.dll
0x03680000 - 0x0382a000 	D:\MATLAB\R2012b\bin\win32\mcos.dll
0x73c10000 - 0x73c1e000 	D:\MATLAB\R2012b\bin\win32\mtok.dll
0x03850000 - 0x03874000 	D:\MATLAB\R2012b\bin\win32\m_pcodegen.dll
0x7e1c0000 - 0x7e1e9000 	D:\MATLAB\R2012b\bin\win32\libmwbridge.dll
0x038a0000 - 0x03933000 	D:\MATLAB\R2012b\bin\win32\udd.dll
0x03950000 - 0x03a5e000 	D:\MATLAB\R2012b\bin\win32\libmwgui.dll
0x03a70000 - 0x03a82000 	D:\MATLAB\R2012b\bin\win32\graphics_util.dll
0x03aa0000 - 0x04166000 	D:\MATLAB\R2012b\bin\win32\hg.dll
0x04180000 - 0x041c4000 	D:\MATLAB\R2012b\bin\win32\libmat.dll
0x041e0000 - 0x043c5000 	D:\MATLAB\R2012b\bin\win32\hdf5dll.dll
0x7d9d0000 - 0x7da66000 	D:\MATLAB\R2012b\bin\win32\jmi.dll
0x043f0000 - 0x043fb000 	D:\MATLAB\R2012b\bin\win32\nativejava_services.dll
0x04410000 - 0x04444000 	D:\MATLAB\R2012b\bin\win32\libmwhardcopy.dll
0x04460000 - 0x044a4000 	D:\MATLAB\R2012b\bin\win32\libuij.dll
0x044c0000 - 0x04673000 	D:\MATLAB\R2012b\bin\win32\hgdatatypes.dll
0x04690000 - 0x04751000 	D:\MATLAB\R2012b\bin\win32\hgutils.dll
0x04770000 - 0x047f8000 	D:\MATLAB\R2012b\bin\win32\udd_mi.dll
0x04810000 - 0x04840000 	D:\MATLAB\R2012b\bin\win32\libmwgbtutils.dll
0x04850000 - 0x04863000 	D:\MATLAB\R2012b\bin\win32\libmwgbt.dll
0x74dc0000 - 0x7505b000 	D:\MATLAB\R2012b\bin\win32\uiw.dll
0x71480000 - 0x7148d000 	D:\MATLAB\R2012b\bin\win32\uinone.dll
0x048a0000 - 0x048bf000 	D:\MATLAB\R2012b\bin\win32\libmwnativefiledialogs.dll
0x048d0000 - 0x048d7000 	D:\MATLAB\R2012b\bin\win32\libmwplatform_res.dll
0x048f0000 - 0x04902000 	C:\Windows\system32\MPR.dll
0x04910000 - 0x04cad000 	C:\Windows\WinSxS\x86_microsoft.vc90.mfc_1fc8b3b9a1e18e3b_9.0.30729.6161_none_4bf7e3e2bf9ada4c\mfc90.dll
0x733c0000 - 0x733c5000 	C:\Windows\system32\MSIMG32.dll
0x74850000 - 0x748a1000 	C:\Windows\system32\WINSPOOL.DRV
0x04cb0000 - 0x04cc9000 	D:\MATLAB\R2012b\bin\win32\mwoles05.DLL
0x04ce0000 - 0x04d35000 	D:\MATLAB\R2012b\bin\win32\comcli.dll
0x04d50000 - 0x04d7b000 	C:\Windows\WinSxS\x86_microsoft.vc90.atl_1fc8b3b9a1e18e3b_9.0.30729.6161_none_51cd0a7abbe4e19b\ATL90.DLL
0x70530000 - 0x70539000 	D:\MATLAB\R2012b\bin\win32\mlautoregister.dll
0x75810000 - 0x7582f000 	C:\Windows\system32\IMM32.DLL
0x770e0000 - 0x771ac000 	C:\Windows\system32\MSCTF.dll
0x74020000 - 0x74060000 	C:\Windows\system32\UxTheme.dll
0x74900000 - 0x74913000 	C:\Windows\system32\dwmapi.dll
0x05030000 - 0x0503d000 	C:\Windows\WinSxS\x86_microsoft.vc90.mfcloc_1fc8b3b9a1e18e3b_9.0.30729.6161_none_49768ef57548175e\MFC90ENU.DLL
0x75360000 - 0x7536b000 	C:\Windows\system32\profapi.dll
0x055d0000 - 0x055db000 	D:\MATLAB\R2012b\bin\win32\xmlxrcsc.dll
0x752e0000 - 0x752ec000 	C:\Windows\system32\CRYPTBASE.dll
0x06e60000 - 0x06f3a000 	D:\Program Files\360\360Safe\safemon\safemon.dll
0x748b0000 - 0x748b9000 	C:\Windows\system32\VERSION.dll
0x75830000 - 0x7594b000 	C:\Windows\system32\WININET.dll
0x77310000 - 0x77313000 	C:\Windows\system32\Normaliz.dll
0x768b0000 - 0x76a68000 	C:\Windows\system32\iertutil.dll
0x76fc0000 - 0x770d1000 	C:\Windows\system32\urlmon.dll
0x065b0000 - 0x065e6000 	C:\Program Files\Lenovo\Onekey Theater\ActiveDetect32.dll

VM Arguments:
jvm_args: -Xss512k -XX:PermSize=32m -Xms64m -XX:NewRatio=3 -XX:MaxPermSize=96m -Xmx129m -XX:MaxDirectMemorySize=1200000000 -Dsun.java2d.noddraw=true -Dsun.awt.nopixfmt=true -Xshare:off -Xrs -Dsun.awt.disableMixing=true -Djava.library.path=D:\MATLAB\R2012b\bin\win32;D:\MATLAB\R2012b\sys\jxbrowser\win32\lib vfprintf abort -Duser.language=en -Duser.country=US 
java_command: <unknown>
Launcher Type: generic

Environment Variables:
JAVA_HOME=C:\Program Files\Java\jdk1.6.0_17
CLASSPATH=.;C:\Program Files\Java\jdk1.6.0_17\jre\lib;C:\Program Files\Java\jre7\lib\ext\QTJava.zip
PATH=C:\Program Files\Common Files\Apple\Apple Application Support\;C:\Program Files\Common Files\Apple\Apple Application Support\;C:\Program Files\Common Files\Apple\Apple Application Support\;C:\Program Files\Common Files\Apple\Apple Application Support\;C:\Program Files\MiKTeX 2.9\miktex\bin;C:\Program Files\NVIDIA Corporation\PhysX\Common;C:\Program Files\Common Files\Microsoft Shared\Windows Live;C:\Windows\system32;C:\Windows;C:\Windows\System32\Wbem;C:\Windows\System32\WindowsPowerShell\v1.0\;C:\Program Files\Common Files\Thunder Network\KanKan\Codecs;d:\MATLAB\R2012b\runtime\win32;d:\MATLAB\R2012b\bin;d:\Program Files\MATLAB\R2012a\runtime\win32;d:\Program Files\MATLAB\R2012a\bin;d:\MATLAB\R2011a\bin;D:\Program Files\SlikSvn\bin\;C:\Program Files\Java\jdk1.6.0_17\bin;C:\Program Files\QuickTime\QTSystem\
USERNAME=Mingjing
OS=Windows_NT
PROCESSOR_IDENTIFIER=x86 Family 6 Model 37 Stepping 5, GenuineIntel



---------------  S Y S T E M  ---------------

OS: Windows 7 Build 7600 

CPU:total 4 (8 cores per cpu, 2 threads per core) family 6 model 37 stepping 5, cmov, cx8, fxsr, mmx, sse, sse2, sse3, ssse3, sse4.1, sse4.2, ht

Memory: 4k page, physical 2022248k(425300k free), swap 4194303k(1995924k free)

vm_info: Java HotSpot(TM) Client VM (14.3-b01) for windows-x86 JRE (1.6.0_17-b04), built on Oct 11 2009 00:52:06 by "java_re" with MS VC++ 7.1

time: Tue Sep 25 00:01:37 2012
elapsed time: 3274 seconds

